<?xml version="1.0" encoding="utf-8"?><testsuites name="pytest tests"><testsuite name="pytest" errors="0" failures="0" skipped="0" tests="8" time="2.134" timestamp="2025-09-15T10:12:34.451592+01:00" hostname="Josefs-MacBook-Pro.local"><testcase classname="test.aiservice.install.test_app" name="test_install_noninteractive" time="0.498" /><testcase classname="test.aiservice.install.test_app" name="test_install_interactive" time="0.539" /><testcase classname="test.test_help" name="testInstallHelp" time="0.013" /><testcase classname="test.test_help" name="testUninstallHelp" time="0.005" /><testcase classname="test.test_help" name="testUpgradeHelp" time="0.004" /><testcase classname="test.test_install" name="testInstallHelp" time="0.008" /><testcase classname="test.test_install" name="testUninstallHelp" time="0.003" /><testcase classname="test.test_install" name="testUpgradeHelp" time="0.003" /></testsuite></testsuites>